C:\USERS\BARIS\DOCUMENTS\VISUAL STUDIO 2012\PROJECTS\HW6_RELEASEVERSION\HW6_RELEASEVERSION\DEBUG\HW6_RELEASEVERSION.PCH
C:\USERS\BARIS\DOCUMENTS\VISUAL STUDIO 2012\PROJECTS\HW6_RELEASEVERSION\HW6_RELEASEVERSION\DEBUG\STDAFX.OBJ
C:\USERS\BARIS\DOCUMENTS\VISUAL STUDIO 2012\PROJECTS\HW6_RELEASEVERSION\HW6_RELEASEVERSION\DEBUG\VC110.PDB
C:\USERS\BARIS\DOCUMENTS\VISUAL STUDIO 2012\PROJECTS\HW6_RELEASEVERSION\HW6_RELEASEVERSION\DEBUG\HW6_RELEASEVERSION.OBJ
C:\USERS\BARIS\DOCUMENTS\VISUAL STUDIO 2012\PROJECTS\HW6_RELEASEVERSION\HW6_RELEASEVERSION\DEBUG\HW6_RELEASEVERSIONDLG.OBJ
C:\USERS\BARIS\DOCUMENTS\VISUAL STUDIO 2012\PROJECTS\HW6_RELEASEVERSION\DEBUG\HW6_RELEASEVERSION.ILK
C:\USERS\BARIS\DOCUMENTS\VISUAL STUDIO 2012\PROJECTS\HW6_RELEASEVERSION\DEBUG\HW6_RELEASEVERSION.EXE
C:\USERS\BARIS\DOCUMENTS\VISUAL STUDIO 2012\PROJECTS\HW6_RELEASEVERSION\DEBUG\HW6_RELEASEVERSION.PDB
C:\USERS\BARIS\DOCUMENTS\VISUAL STUDIO 2012\PROJECTS\HW6_RELEASEVERSION\HW6_RELEASEVERSION\DEBUG\HW6_RELEASEVERSION.RES
C:\Users\baris\documents\visual studio 2012\Projects\HW6_ReleaseVersion\HW6_ReleaseVersion\Debug\HW6_ReleaseVersion.obj
C:\Users\baris\documents\visual studio 2012\Projects\HW6_ReleaseVersion\HW6_ReleaseVersion\Debug\HW6_ReleaseVersionDlg.obj
C:\Users\baris\documents\visual studio 2012\Projects\HW6_ReleaseVersion\HW6_ReleaseVersion\Debug\stdafx.obj
C:\Users\baris\documents\visual studio 2012\Projects\HW6_ReleaseVersion\HW6_ReleaseVersion\Debug\cl.command.1.tlog
C:\Users\baris\documents\visual studio 2012\Projects\HW6_ReleaseVersion\HW6_ReleaseVersion\Debug\CL.read.1.tlog
C:\Users\baris\documents\visual studio 2012\Projects\HW6_ReleaseVersion\HW6_ReleaseVersion\Debug\CL.write.1.tlog
C:\Users\baris\documents\visual studio 2012\Projects\HW6_ReleaseVersion\HW6_ReleaseVersion\Debug\link-cvtres.read.1.tlog
C:\Users\baris\documents\visual studio 2012\Projects\HW6_ReleaseVersion\HW6_ReleaseVersion\Debug\link-cvtres.write.1.tlog
C:\Users\baris\documents\visual studio 2012\Projects\HW6_ReleaseVersion\HW6_ReleaseVersion\Debug\link-mt.read.1.tlog
C:\Users\baris\documents\visual studio 2012\Projects\HW6_ReleaseVersion\HW6_ReleaseVersion\Debug\link-mt.write.1.tlog
C:\Users\baris\documents\visual studio 2012\Projects\HW6_ReleaseVersion\HW6_ReleaseVersion\Debug\link-rc.read.1.tlog
C:\Users\baris\documents\visual studio 2012\Projects\HW6_ReleaseVersion\HW6_ReleaseVersion\Debug\link-rc.write.1.tlog
C:\Users\baris\documents\visual studio 2012\Projects\HW6_ReleaseVersion\HW6_ReleaseVersion\Debug\link.23972-cvtres.read.1.tlog
C:\Users\baris\documents\visual studio 2012\Projects\HW6_ReleaseVersion\HW6_ReleaseVersion\Debug\link.23972-cvtres.write.1.tlog
C:\Users\baris\documents\visual studio 2012\Projects\HW6_ReleaseVersion\HW6_ReleaseVersion\Debug\link.23972-mt.read.1.tlog
C:\Users\baris\documents\visual studio 2012\Projects\HW6_ReleaseVersion\HW6_ReleaseVersion\Debug\link.23972-mt.write.1.tlog
C:\Users\baris\documents\visual studio 2012\Projects\HW6_ReleaseVersion\HW6_ReleaseVersion\Debug\link.23972-rc.read.1.tlog
C:\Users\baris\documents\visual studio 2012\Projects\HW6_ReleaseVersion\HW6_ReleaseVersion\Debug\link.23972-rc.write.1.tlog
C:\Users\baris\documents\visual studio 2012\Projects\HW6_ReleaseVersion\HW6_ReleaseVersion\Debug\link.23972.read.1.tlog
C:\Users\baris\documents\visual studio 2012\Projects\HW6_ReleaseVersion\HW6_ReleaseVersion\Debug\link.23972.write.1.tlog
C:\Users\baris\documents\visual studio 2012\Projects\HW6_ReleaseVersion\HW6_ReleaseVersion\Debug\link.command.1.tlog
C:\Users\baris\documents\visual studio 2012\Projects\HW6_ReleaseVersion\HW6_ReleaseVersion\Debug\link.read.1.tlog
C:\Users\baris\documents\visual studio 2012\Projects\HW6_ReleaseVersion\HW6_ReleaseVersion\Debug\link.write.1.tlog
C:\Users\baris\documents\visual studio 2012\Projects\HW6_ReleaseVersion\HW6_ReleaseVersion\Debug\rc.command.1.tlog
C:\Users\baris\documents\visual studio 2012\Projects\HW6_ReleaseVersion\HW6_ReleaseVersion\Debug\rc.read.1.tlog
C:\Users\baris\documents\visual studio 2012\Projects\HW6_ReleaseVersion\HW6_ReleaseVersion\Debug\rc.write.1.tlog
C:\Users\baris\documents\visual studio 2012\Projects\HW6_ReleaseVersion\HW6_ReleaseVersion\Debug\HW6_ReleaseVersion.res
C:\Users\baris\documents\visual studio 2012\Projects\HW6_ReleaseVersion\HW6_ReleaseVersion\Debug\HW6_ReleaseVersion.pch
C:\Users\baris\documents\visual studio 2012\Projects\HW6_ReleaseVersion\HW6_ReleaseVersion\Debug\vc110.idb
C:\Users\baris\documents\visual studio 2012\Projects\HW6_ReleaseVersion\HW6_ReleaseVersion\Debug\vc110.pdb
C:\Users\baris\documents\visual studio 2012\Projects\HW6_ReleaseVersion\Debug\HW6_ReleaseVersion.pdb
C:\Users\baris\documents\visual studio 2012\Projects\HW6_ReleaseVersion\Debug\HW6_ReleaseVersion.exe
C:\Users\baris\documents\visual studio 2012\Projects\HW6_ReleaseVersion\Debug\HW6_ReleaseVersion.ilk
