Build started 25.12.2021 21:11:40.
     1>Project "C:\Users\baris\documents\visual studio 2012\Projects\HW6_ReleaseVersion\HW6_ReleaseVersion\HW6_ReleaseVersion.vcxproj" on node 2 (Build target(s)).
     1>ClCompile:
         C:\Program Files (x86)\Microsoft Visual Studio 11.0\VC\bin\CL.exe /c /ZI /nologo /W3 /WX- /sdl /Od /Oy- /D "WIN32" /D "_WINDOWS" /D _DEBUG /D "_UNICODE" /D "UNICODE" /D _AFXDLL /Gm /EHsc /RTC1 /MDd /GS /fp:precise /Zc:wchar_t /Zc:forScope /Yc"stdafx.h" /Fp"Debug\HW6_ReleaseVersion.pch" /Fo"Debug\\" /Fd"Debug\vc110.pdb" /Gd /TP /analyze- /errorReport:prompt stdafx.cpp
         stdafx.cpp
         C:\Program Files (x86)\Microsoft Visual Studio 11.0\VC\bin\CL.exe /c /ZI /nologo /W3 /WX- /sdl /Od /Oy- /D "WIN32" /D "_WINDOWS" /D _DEBUG /D "_UNICODE" /D "UNICODE" /D _AFXDLL /Gm /EHsc /RTC1 /MDd /GS /fp:precise /Zc:wchar_t /Zc:forScope /Yu"stdafx.h" /Fp"Debug\HW6_ReleaseVersion.pch" /Fo"Debug\\" /Fd"Debug\vc110.pdb" /Gd /TP /analyze- /errorReport:prompt HW6_ReleaseVersion.cpp HW6_ReleaseVersionDlg.cpp
         HW6_ReleaseVersionDlg.cpp
     1>c:\users\baris\documents\visual studio 2012\projects\hw6_releaseversion\hw6_releaseversion\hw6_releaseversiondlg.cpp(197): warning C4244: '=' : conversion from 'double' to 'unsigned int', possible loss of data
     1>c:\users\baris\documents\visual studio 2012\projects\hw6_releaseversion\hw6_releaseversion\hw6_releaseversiondlg.cpp(198): warning C4244: '=' : conversion from 'double' to 'unsigned int', possible loss of data
     1>c:\users\baris\documents\visual studio 2012\projects\hw6_releaseversion\hw6_releaseversion\hw6_releaseversiondlg.cpp(219): warning C4244: '=' : conversion from 'double' to 'unsigned int', possible loss of data
     1>c:\users\baris\documents\visual studio 2012\projects\hw6_releaseversion\hw6_releaseversion\hw6_releaseversiondlg.cpp(232): warning C4244: '=' : conversion from 'double' to 'unsigned int', possible loss of data
     1>c:\users\baris\documents\visual studio 2012\projects\hw6_releaseversion\hw6_releaseversion\hw6_releaseversiondlg.cpp(233): warning C4244: '=' : conversion from 'double' to 'unsigned int', possible loss of data
     1>c:\users\baris\documents\visual studio 2012\projects\hw6_releaseversion\hw6_releaseversion\hw6_releaseversiondlg.cpp(273): warning C4244: '=' : conversion from 'double' to 'unsigned int', possible loss of data
     1>c:\users\baris\documents\visual studio 2012\projects\hw6_releaseversion\hw6_releaseversion\hw6_releaseversiondlg.cpp(274): warning C4244: '=' : conversion from 'double' to 'unsigned int', possible loss of data
         HW6_ReleaseVersion.cpp
         Generating Code...
       ResourceCompile:
         C:\Program Files (x86)\Windows Kits\8.0\bin\x86\rc.exe /D _DEBUG /D "_UNICODE" /D "UNICODE" /D _AFXDLL /l"0x0409" /IDebug\ /nologo /fo"Debug\HW6_ReleaseVersion.res" HW6_ReleaseVersion.rc 
       Link:
         C:\Program Files (x86)\Microsoft Visual Studio 11.0\VC\bin\link.exe /ERRORREPORT:PROMPT /OUT:"C:\Users\baris\documents\visual studio 2012\Projects\HW6_ReleaseVersion\Debug\HW6_ReleaseVersion.exe" /INCREMENTAL /NOLOGO /MANIFEST /MANIFESTUAC:"level='asInvoker' uiAccess='false'" /manifest:embed /manifestinput:"C:\Program Files (x86)\Microsoft Visual Studio 11.0\VC\Include\Manifest\dpiaware.manifest" /DEBUG /PDB:"C:\Users\baris\documents\visual studio 2012\Projects\HW6_ReleaseVersion\Debug\HW6_ReleaseVersion.pdb" /SUBSYSTEM:WINDOWS /TLBID:1 /ENTRY:"wWinMainCRTStartup" /DYNAMICBASE /NXCOMPAT /IMPLIB:"C:\Users\baris\documents\visual studio 2012\Projects\HW6_ReleaseVersion\Debug\HW6_ReleaseVersion.lib" /MACHINE:X86 Debug\HW6_ReleaseVersion.res
         Debug\HW6_ReleaseVersion.obj
         Debug\HW6_ReleaseVersionDlg.obj
         Debug\stdafx.obj
         HW6_ReleaseVersion.vcxproj -> C:\Users\baris\documents\visual studio 2012\Projects\HW6_ReleaseVersion\Debug\HW6_ReleaseVersion.exe
     1>Done Building Project "C:\Users\baris\documents\visual studio 2012\Projects\HW6_ReleaseVersion\HW6_ReleaseVersion\HW6_ReleaseVersion.vcxproj" (Build target(s)).

Build succeeded.

Time Elapsed 00:00:05.93
